2026-03-07 15:59:04,868 | [INFO] | jaaf | LOADING AGENTS - Tool-Enabled Native Mode
2026-03-07 15:59:04,896 | [INFO] | jaaf | 🤖 JAAF Telegram Bot Starting — Listening for owner messages.
2026-03-07 15:59:28,306 | [INFO] | jaaf | [Bot] Message received: 'Jeenora.com analyze seo in this web what i improve to bettte...' from 6565408988
2026-03-07 15:59:31,874 | [INFO] | jaaf | 🕷️ Scraper Working: https://jeenora.com...
2026-03-07 15:59:32,150 | [INFO] | jaaf | [CEO] Tool 'seo_analyzer' returned: 🔍 SEO ANALYSIS SCORE: 0/100
URL: https://jeenora.com
⚠️ Titl...
2026-03-07 15:59:34,212 | [INFO] | jaaf | 🔍 SIMULATING PageSpeed for: https://jeenora.com...
2026-03-07 15:59:34,498 | [INFO] | jaaf | [CEO] Tool 'pagespeed_checker' returned: 
🚀 PAGESPEED SIMULATED REPORT: https://jeenora.com
---------...
2026-03-07 15:59:39,174 | [ERROR] | jaaf | [CEO] FATAL ERROR: 1 validation error for keyword_researcher
topic
  Field required [type=missing, input_value={'seed_keyword': 'fashion dresses'}, input_type=dict]
    For further information visit https://errors.pydantic.dev/2.11/v/missing
2026-03-07 15:59:40,101 | [INFO] | jaaf | [Bot] Reply sent to 6565408988 (254 chars).
2026-03-07 16:02:35,897 | [INFO] | jaaf | LOADING AGENTS - Tool-Enabled Native Mode
2026-03-07 16:02:35,932 | [INFO] | jaaf | 🤖 JAAF Telegram Bot Starting — Listening for owner messages.
2026-03-07 16:02:49,624 | [INFO] | jaaf | [Bot] Message received: 'Jeenora.com analyze seo in this web what i improve to bettte...' from 6565408988
2026-03-07 16:02:52,798 | [INFO] | jaaf | 🕷️ Scraper Working: https://jeenora.com...
2026-03-07 16:02:53,096 | [INFO] | jaaf | [CEO] Tool 'seo_analyzer' returned: 🔍 SEO ANALYSIS SCORE: 0/100
URL: https://jeenora.com
⚠️ Titl...
2026-03-07 16:02:55,085 | [INFO] | jaaf | 🌐 Searching for: Jeenora.com homepage title...
2026-03-07 16:02:56,425 | [INFO] | jaaf | [CEO] Tool 'web_search' returned: [{'title': 'アニプレックス オンライン', 'href': 'https://www.aniplexplus...
2026-03-07 16:02:57,980 | [INFO] | jaaf | 🌐 Searching for: Jeenora.com SEO analysis...
2026-03-07 16:02:58,205 | [INFO] | jaaf | [CEO] Tool 'web_search' returned: []...
2026-03-07 16:03:00,995 | [INFO] | jaaf | 🕷️ Scraper Working: https://jeenora.com...
2026-03-07 16:03:01,307 | [INFO] | jaaf | 🔍 SIMULATING PageSpeed for: https://jeenora.com...
2026-03-07 16:03:01,572 | [INFO] | jaaf | 🔍 Finding broken links on: https://jeenora.com...
2026-03-07 16:03:01,854 | [INFO] | jaaf | [analyze_website_full] Full analysis done for: https://jeenora.com
2026-03-07 16:03:01,854 | [INFO] | jaaf | [CEO] Tool 'analyze_website_full' returned: 📊 FULL WEBSITE ANALYSIS: https://jeenora.com

🔍 SEO ANALYSIS...
2026-03-07 16:03:05,037 | [INFO] | jaaf | ✍️ Finding keywords: online clothing store...
2026-03-07 16:03:05,286 | [INFO] | jaaf | [CEO] Tool 'keyword_researcher' returned: ✍️ KEYWORDS (online clothing store):
...
2026-03-07 16:03:06,439 | [INFO] | jaaf | [Bot] Reply sent to 6565408988 (0 chars).
2026-03-07 16:05:12,533 | [INFO] | jaaf | [Bot] Message received: 'What happened...' from 6565408988
2026-03-07 16:05:16,233 | [INFO] | jaaf | [CEO] Tool 'check_system_logs' returned: 2026-03-07 16:02:52,798 | [INFO] | jaaf | 🕷️ Scraper Working...
2026-03-07 16:05:18,741 | [INFO] | jaaf | [CEO] Tool 'inventory_checker' returned: 📊 INVENTORY: Optimal...
2026-03-07 16:05:24,168 | [INFO] | jaaf | [CEO] Tool 'compile_report' returned: 👑 MASTER CEO FINAL REPORT
--------------------
Current snaps...
2026-03-07 16:05:29,171 | [INFO] | jaaf | [Bot] Reply sent to 6565408988 (1797 chars).
